[debug] [2024-07-13T05:43:37.834Z] ----------------------------------------------------------------------
[debug] [2024-07-13T05:43:37.835Z] Command:       /Users/aaronblack/.nvm/versions/node/v22.0.0/bin/node /Users/aaronblack/.nvm/versions/node/v22.0.0/bin/firebase deploy --only functions
[debug] [2024-07-13T05:43:37.835Z] CLI Version:   13.13.1
[debug] [2024-07-13T05:43:37.835Z] Platform:      darwin
[debug] [2024-07-13T05:43:37.835Z] Node Version:  v22.0.0
[debug] [2024-07-13T05:43:37.836Z] Time:          Fri Jul 12 2024 22:43:37 GMT-0700 (Pacific Daylight Time)
[debug] [2024-07-13T05:43:37.836Z] ----------------------------------------------------------------------
[debug] 
[debug] [2024-07-13T05:43:37.860Z] > command requires scopes: ["email","openid","https://www.googleapis.com/auth/cloudplatformprojects.readonly","https://www.googleapis.com/auth/firebase","https://www.googleapis.com/auth/cloud-platform"]
[debug] [2024-07-13T05:43:37.861Z] > authorizing via signed-in user (aaronblac@gmail.com)
[debug] [2024-07-13T05:43:37.861Z] [iam] checking project greenhaven-d11b5 for permissions ["cloudfunctions.functions.create","cloudfunctions.functions.delete","cloudfunctions.functions.get","cloudfunctions.functions.list","cloudfunctions.functions.update","cloudfunctions.operations.get","firebase.projects.get"]
[debug] [2024-07-13T05:43:37.861Z] >>> [apiv2][query] POST https://cloudresourcemanager.googleapis.com/v1/projects/greenhaven-d11b5:testIamPermissions [none]
[debug] [2024-07-13T05:43:37.861Z] >>> [apiv2][(partial)header] POST https://cloudresourcemanager.googleapis.com/v1/projects/greenhaven-d11b5:testIamPermissions x-goog-quota-user=projects/greenhaven-d11b5
[debug] [2024-07-13T05:43:37.861Z] >>> [apiv2][body] POST https://cloudresourcemanager.googleapis.com/v1/projects/greenhaven-d11b5:testIamPermissions {"permissions":["cloudfunctions.functions.create","cloudfunctions.functions.delete","cloudfunctions.functions.get","cloudfunctions.functions.list","cloudfunctions.functions.update","cloudfunctions.operations.get","firebase.projects.get"]}
[debug] [2024-07-13T05:43:38.086Z] <<< [apiv2][status] POST https://cloudresourcemanager.googleapis.com/v1/projects/greenhaven-d11b5:testIamPermissions 401
[debug] [2024-07-13T05:43:38.086Z] <<< [apiv2][body] POST https://cloudresourcemanager.googleapis.com/v1/projects/greenhaven-d11b5:testIamPermissions {"error":{"code":401,"message":"Request had invalid authentication credentials. Expected OAuth 2 access token, login cookie or other valid authentication credential. See https://developers.google.com/identity/sign-in/web/devconsole-project.","status":"UNAUTHENTICATED","details":[{"@type":"type.googleapis.com/google.rpc.ErrorInfo","reason":"ACCESS_TOKEN_TYPE_UNSUPPORTED","metadata":{"method":"google.cloudresourcemanager.v1.Projects.TestIamPermissions","service":"cloudresourcemanager.googleapis.com"}}]}}
[debug] [2024-07-13T05:43:38.087Z] [iam] error while checking permissions, command may fail: FirebaseError: HTTP Error: 401, Request had invalid authentication credentials. Expected OAuth 2 access token, login cookie or other valid authentication credential. See https://developers.google.com/identity/sign-in/web/devconsole-project.
[debug] [2024-07-13T05:43:38.087Z] >>> [apiv2][query] POST https://iam.googleapis.com/v1/projects/greenhaven-d11b5/serviceAccounts/greenhaven-d11b5@appspot.gserviceaccount.com:testIamPermissions [none]
[debug] [2024-07-13T05:43:38.087Z] >>> [apiv2][body] POST https://iam.googleapis.com/v1/projects/greenhaven-d11b5/serviceAccounts/greenhaven-d11b5@appspot.gserviceaccount.com:testIamPermissions {"permissions":["iam.serviceAccounts.actAs"]}
[debug] [2024-07-13T05:43:38.263Z] <<< [apiv2][status] POST https://iam.googleapis.com/v1/projects/greenhaven-d11b5/serviceAccounts/greenhaven-d11b5@appspot.gserviceaccount.com:testIamPermissions 401
[debug] [2024-07-13T05:43:38.263Z] <<< [apiv2][body] POST https://iam.googleapis.com/v1/projects/greenhaven-d11b5/serviceAccounts/greenhaven-d11b5@appspot.gserviceaccount.com:testIamPermissions {"error":{"code":401,"message":"Request had invalid authentication credentials. Expected OAuth 2 access token, login cookie or other valid authentication credential. See https://developers.google.com/identity/sign-in/web/devconsole-project.","status":"UNAUTHENTICATED","details":[{"@type":"type.googleapis.com/google.rpc.ErrorInfo","reason":"ACCESS_TOKEN_TYPE_UNSUPPORTED","metadata":{"method":"google.iam.admin.v1.IAM.TestIamPermissions","service":"iam.googleapis.com"}}]}}
[debug] [2024-07-13T05:43:38.264Z] [functions] service account IAM check errored, deploy may fail: HTTP Error: 401, Request had invalid authentication credentials. Expected OAuth 2 access token, login cookie or other valid authentication credential. See https://developers.google.com/identity/sign-in/web/devconsole-project. {"name":"FirebaseError","children":[],"context":{"body":{"error":{"code":401,"message":"Request had invalid authentication credentials. Expected OAuth 2 access token, login cookie or other valid authentication credential. See https://developers.google.com/identity/sign-in/web/devconsole-project.","status":"UNAUTHENTICATED","details":[{"@type":"type.googleapis.com/google.rpc.ErrorInfo","reason":"ACCESS_TOKEN_TYPE_UNSUPPORTED","metadata":{"method":"google.iam.admin.v1.IAM.TestIamPermissions","service":"iam.googleapis.com"}}]}},"response":{"statusCode":401}},"exit":1,"message":"HTTP Error: 401, Request had invalid authentication credentials. Expected OAuth 2 access token, login cookie or other valid authentication credential. See https://developers.google.com/identity/sign-in/web/devconsole-project.","status":401}
[info] 
[info] === Deploying to 'greenhaven-d11b5'...
[info] 
[info] i  deploying functions 
[debug] [2024-07-13T05:43:38.268Z] >>> [apiv2][query] GET https://firebase.googleapis.com/v1beta1/projects/greenhaven-d11b5 [none]
[debug] [2024-07-13T05:43:38.400Z] <<< [apiv2][status] GET https://firebase.googleapis.com/v1beta1/projects/greenhaven-d11b5 401
[debug] [2024-07-13T05:43:38.401Z] <<< [apiv2][body] GET https://firebase.googleapis.com/v1beta1/projects/greenhaven-d11b5 {"error":{"code":401,"message":"Request had invalid authentication credentials. Expected OAuth 2 access token, login cookie or other valid authentication credential. See https://developers.google.com/identity/sign-in/web/devconsole-project.","status":"UNAUTHENTICATED"}}
[debug] [2024-07-13T05:43:38.401Z] HTTP Error: 401, Request had invalid authentication credentials. Expected OAuth 2 access token, login cookie or other valid authentication credential. See https://developers.google.com/identity/sign-in/web/devconsole-project.
[debug] [2024-07-13T05:43:38.495Z] FirebaseError: HTTP Error: 401, Request had invalid authentication credentials. Expected OAuth 2 access token, login cookie or other valid authentication credential. See https://developers.google.com/identity/sign-in/web/devconsole-project.
    at responseToError (/Users/aaronblack/.nvm/versions/node/v22.0.0/lib/node_modules/firebase-tools/lib/responseToError.js:49:12)
    at RetryOperation._fn (/Users/aaronblack/.nvm/versions/node/v22.0.0/lib/node_modules/firebase-tools/lib/apiv2.js:305:77)
    at process.processTicksAndRejections (node:internal/process/task_queues:95:5)
[error] 
[error] Error: Failed to get Firebase project greenhaven-d11b5. Please make sure the project exists and your account has permission to access it.
